# JRE version: OpenJDK Runtime Environment Temurin-21.0.7+6 (21.0.7+6) (build 21.0.7+6-LTS)
# Java VM: OpenJDK 64-Bit Server VM Temurin-21.0.7+6 (21.0.7+6-LTS, mixed mode, sharing, tiered, compressed oops, compressed class ptrs, g1 gc, windows-amd64)
GC Precious Log:
 CardTable entry size: 512
 Card Set container configuration: InlinePtr #cards 4 size 8 Array Of Cards #cards 16 size 48 Howl #buckets 8 coarsen threshold 3686 Howl Bitmap #cards 512 size 80 coarsen threshold 460 Card regions per heap region 1 cards per card region 4096
 CPUs: 12 total, 12 available
 Memory: 16307M
 Large Page Support: Disabled
 NUMA Support: Disabled
 Compressed Oops: Enabled (Zero based)
 Heap Region Size: 2M
 Heap Min Capacity: 8M
 Heap Initial Capacity: 256M
 Heap Max Capacity: 4078M
 Pre-touch: Disabled
 Parallel Workers: 10
 Concurrent Workers: 3
 Concurrent Refinement Workers: 10
 Periodic GC: Disabled
Heap:
 garbage-first heap   total 151552K, used 54023K [0x0000000701200000, 0x0000000800000000)
  region size 2048K, 4 young (8192K), 4 survivors (8192K)
 Metaspace       used 25877K, committed 26496K, reserved 1114112K
  class space    used 3019K, committed 3264K, reserved 1048576K
GC Heap History (17 events):
Event: 0.913 GC heap before
{Heap before GC invocations=0 (full 0):
 garbage-first heap   total 262144K, used 26624K [0x0000000701200000, 0x0000000800000000)
  region size 2048K, 11 young (22528K), 0 survivors (0K)
 Metaspace       used 7361K, committed 7616K, reserved 1114112K
  class space    used 770K, committed 896K, reserved 1048576K
}
Event: 0.917 GC heap after
{Heap after GC invocations=1 (full 0):
 garbage-first heap   total 262144K, used 13145K [0x0000000701200000, 0x0000000800000000)
  region size 2048K, 2 young (4096K), 2 survivors (4096K)
 Metaspace       used 7361K, committed 7616K, reserved 1114112K
  class space    used 770K, committed 896K, reserved 1048576K
}
Event: 1.644 GC heap before
{Heap before GC invocations=1 (full 0):
 garbage-first heap   total 262144K, used 39769K [0x0000000701200000, 0x0000000800000000)
  region size 2048K, 15 young (30720K), 2 survivors (4096K)
 Metaspace       used 7860K, committed 8192K, reserved 1114112K
  class space    used 789K, committed 960K, reserved 1048576K
}
Event: 1.650 GC heap after
{Heap after GC invocations=2 (full 0):
 garbage-first heap   total 262144K, used 18577K [0x0000000701200000, 0x0000000800000000)
  region size 2048K, 2 young (4096K), 2 survivors (4096K)
 Metaspace       used 7860K, committed 8192K, reserved 1114112K
  class space    used 789K, committed 960K, reserved 1048576K
}
Event: 1.915 GC heap before
{Heap before GC invocations=2 (full 0):
 garbage-first heap   total 262144K, used 69777K [0x0000000701200000, 0x0000000800000000)
  region size 2048K, 26 young (53248K), 2 survivors (4096K)
 Metaspace       used 7925K, committed 8256K, reserved 1114112K
  class space    used 790K, committed 960K, reserved 1048576K
}
Event: 1.919 GC heap after
{Heap after GC invocations=3 (full 0):
 garbage-first heap   total 262144K, used 23067K [0x0000000701200000, 0x0000000800000000)
  region size 2048K, 4 young (8192K), 4 survivors (8192K)
 Metaspace       used 7925K, committed 8256K, reserved 1114112K
  class space    used 790K, committed 960K, reserved 1048576K
}
Event: 3.239 GC heap before
{Heap before GC invocations=3 (full 0):
 garbage-first heap   total 262144K, used 170523K [0x0000000701200000, 0x0000000800000000)
  region size 2048K, 76 young (155648K), 4 survivors (8192K)
 Metaspace       used 16832K, committed 17280K, reserved 1114112K
  class space    used 1918K, committed 2112K, reserved 1048576K
}
Event: 3.245 GC heap after
{Heap after GC invocations=4 (full 0):
 garbage-first heap   total 262144K, used 29908K [0x0000000701200000, 0x0000000800000000)
  region size 2048K, 8 young (16384K), 8 survivors (16384K)
 Metaspace       used 16832K, committed 17280K, reserved 1114112K
  class space    used 1918K, committed 2112K, reserved 1048576K
}
Event: 4.145 GC heap before
{Heap before GC invocations=4 (full 0):
 garbage-first heap   total 262144K, used 74964K [0x0000000701200000, 0x0000000800000000)
  region size 2048K, 29 young (59392K), 8 survivors (16384K)
 Metaspace       used 20971K, committed 21504K, reserved 1114112K
  class space    used 2388K, committed 2624K, reserved 1048576K
}
Event: 4.152 GC heap after
{Heap after GC invocations=5 (full 0):
 garbage-first heap   total 262144K, used 43107K [0x0000000701200000, 0x0000000800000000)
  region size 2048K, 8 young (16384K), 8 survivors (16384K)
 Metaspace       used 20971K, committed 21504K, reserved 1114112K
  class space    used 2388K, committed 2624K, reserved 1048576K
}
Event: 4.688 GC heap before
{Heap before GC invocations=6 (full 0):
 garbage-first heap   total 151552K, used 116835K [0x0000000701200000, 0x0000000800000000)
  region size 2048K, 44 young (90112K), 8 survivors (16384K)
 Metaspace       used 25786K, committed 26368K, reserved 1114112K
  class space    used 3018K, committed 3264K, reserved 1048576K
}
Event: 4.696 GC heap after
{Heap after GC invocations=7 (full 0):
 garbage-first heap   total 151552K, used 51134K [0x0000000701200000, 0x0000000800000000)
  region size 2048K, 3 young (6144K), 3 survivors (6144K)
 Metaspace       used 25786K, committed 26368K, reserved 1114112K
  class space    used 3018K, committed 3264K, reserved 1048576K
}
Event: 4.874 GC heap before
{Heap before GC invocations=7 (full 0):
 garbage-first heap   total 151552K, used 122814K [0x0000000701200000, 0x0000000800000000)
  region size 2048K, 39 young (79872K), 3 survivors (6144K)
 Metaspace       used 25864K, committed 26496K, reserved 1114112K
  class space    used 3019K, committed 3264K, reserved 1048576K
}
Event: 4.877 GC heap after
{Heap after GC invocations=8 (full 0):
 garbage-first heap   total 151552K, used 53248K [0x0000000701200000, 0x0000000800000000)
  region size 2048K, 3 young (6144K), 3 survivors (6144K)
 Metaspace       used 25864K, committed 26496K, reserved 1114112K
  class space    used 3019K, committed 3264K, reserved 1048576K
}
Event: 5.028 GC heap before
{Heap before GC invocations=8 (full 0):
 garbage-first heap   total 151552K, used 131072K [0x0000000701200000, 0x0000000800000000)
  region size 2048K, 41 young (83968K), 3 survivors (6144K)
 Metaspace       used 25875K, committed 26496K, reserved 1114112K
  class space    used 3019K, committed 3264K, reserved 1048576K
}
Event: 5.031 GC heap after
{Heap after GC invocations=9 (full 0):
 garbage-first heap   total 151552K, used 53248K [0x0000000701200000, 0x0000000800000000)
  region size 2048K, 3 young (6144K), 3 survivors (6144K)
 Metaspace       used 25875K, committed 26496K, reserved 1114112K
  class space    used 3019K, committed 3264K, reserved 1048576K
}
Event: 6.147 GC heap before
{Heap before GC invocations=9 (full 0):
 garbage-first heap   total 151552K, used 131072K [0x0000000701200000, 0x0000000800000000)
  region size 2048K, 42 young (86016K), 3 survivors (6144K)
 Metaspace       used 25877K, committed 26496K, reserved 1114112K
  class space    used 3019K, committed 3264K, reserved 1048576K
}

